=== Data Integration Log ===
Integration started: Tue Dec  3 03:17:15 GMT 2024
Processing data-hub/data1.csv...
Appended data from data-hub/data1.csv
Processing data-hub/data2.csv...
Appended data from data-hub/data2.csv
Processing data-hub/data3.csv...
Appended data from data-hub/data3.csv
Processing data-hub/data4.csv...
Appended data from data-hub/data4.csv
Integration complete: Tue Dec  3 03:17:15 GMT 2024
Total rows in integrated file (including header): 1802
Preview of integrated file:
Application ID,Name,Email,Cohort,Submission Date
APP7473,User159,User159@example.com,Python Basics,2024-10-28
APP1951,User290,User290@example.com,Data Science 101,2024-11-17
APP8416,User149,User149@example.com,Python Basics,2024-11-09
APP4670,User202,User202@example.com,Python Basics,2024-11-21
APP1570,User773,User773@example.com,Python Basics,2024-11-13
APP4049,User510,User510@example.com,Data Science 101,2024-11-23
APP5869,User204,User204@example.com,AI Bootcamp,2024-10-26
APP8792,User690,User690@example.com,AI Bootcamp,2024-11-14
APP9350,User565,User565@example.com,Python Basics,2024-11-13
